<?xml version="1.0" encoding="UTF-8"?>
<!-- Generated by org.testng.reporters.JUnitXMLReporter -->
<testsuite ignored="0" hostname="DESKTOP-4MNU657" failures="0" tests="3" name="checkbox" time="9.678" errors="0" timestamp="2021-12-27T22:56:32 IST">
  <testcase classname="test.TestingBaba_checkbox_test" name="clickonelements" time="0.111"/>
  <testcase classname="test.TestingBaba_checkbox_test" name="clickoncheckbox" time="0.234"/>
  <testcase classname="test.TestingBaba_checkbox_test" name="enteriframe" time="0.33"/>
</testsuite> <!-- checkbox -->
