<?xml version="1.0" encoding="UTF-8"?>
<!-- Generated by org.testng.reporters.JUnitXMLReporter -->
<testsuite ignored="0" hostname="DESKTOP-097KB13" failures="0" tests="4" name="Textbox" time="8.53" errors="0" timestamp="2021-10-29T12:23:58 IST">
  <testcase classname="test.Testingbaba_textbox_test" name="getttile" time="0.011"/>
  <testcase classname="test.Testingbaba_textbox_test" name="clickonelements" time="0.091"/>
  <testcase classname="test.Testingbaba_textbox_test" name="filldetails" time="0.756"/>
  <testcase classname="test.Testingbaba_textbox_test" name="getverify" time="0.114"/>
</testsuite> <!-- Textbox -->
