<?xml version="1.0" encoding="UTF-8"?>
<!-- Generated by org.testng.reporters.JUnitXMLReporter -->
<testsuite ignored="0" hostname="DESKTOP-4MNU657" failures="0" tests="3" name="Webtablet" time="31.739" errors="0" timestamp="2021-12-29T16:27:38 IST">
  <testcase classname="test.TestingBaba_webtablet_test" name="clickonelements" time="0.102"/>
  <testcase classname="test.TestingBaba_webtablet_test" name="clickonwebtablet" time="0.186"/>
  <testcase classname="test.TestingBaba_webtablet_test" name="entervalue" time="2.901"/>
</testsuite> <!-- Webtablet -->
