<?xml version="1.0" encoding="UTF-8"?>
<!-- Generated by org.testng.reporters.JUnitXMLReporter -->
<testsuite ignored="0" hostname="DESKTOP-4MNU657" failures="0" tests="4" name="login" time="41.034" errors="0" timestamp="2021-12-17T15:29:10 IST">
  <testcase classname="tests.Sailclear_login_test" name="clickonlogin" time="0.183"/>
  <testcase classname="tests.Sailclear_login_test" name="enterusername" time="0.177"/>
  <testcase classname="tests.Sailclear_login_test" name="enterpassword" time="0.158"/>
  <testcase classname="tests.Sailclear_login_test" name="clickonsubmit" time="0.102"/>
</testsuite> <!-- login -->
