<?xml version="1.0" encoding="UTF-8"?>
<testng-results ignored="0" total="7" passed="6" failed="1" skipped="0">
  <reporter-output>
  </reporter-output>
  <suite started-at="2021-12-30T19:27:15 IST" name="Suite" finished-at="2021-12-30T19:28:55 IST" duration-ms="100477">
    <groups>
    </groups>
    <test started-at="2021-12-30T19:27:15 IST" name="weapon" finished-at="2021-12-30T19:28:55 IST" duration-ms="100477">
      <class name="tests.Sailclear_weapon_test">
        <test-method is-config="true" signature="launchsailclear()[pri:0, instance:tests.Sailclear_weapon_test@37654521]" started-at="2021-12-30T19:27:15 IST" name="launchsailclear" finished-at="2021-12-30T19:28:37 IST" duration-ms="81929" status="PASS">
          <reporter-output>
          </reporter-output>
        </test-method> <!-- launchsailclear -->
        <test-method signature="clickonlogin()[pri:0, instance:tests.Sailclear_weapon_test@37654521]" started-at="2021-12-30T19:28:37 IST" name="clickonlogin" finished-at="2021-12-30T19:28:37 IST" duration-ms="422" status="PASS">
          <reporter-output>
          </reporter-output>
        </test-method> <!-- clickonlogin -->
        <test-method is-config="true" signature="getresultanalysis(org.testng.ITestResult)[pri:0, instance:tests.Sailclear_weapon_test@37654521]" started-at="2021-12-30T19:28:37 IST" name="getresultanalysis" finished-at="2021-12-30T19:28:37 IST" duration-ms="296" status="PASS">
          <params>
            <param index="0">
              <value>
                <![CDATA[[TestResult name=clickonlogin status=SUCCESS method=Sailclear_weapon_test.clickonlogin()[pri:0, instance:tests.Sailclear_weapon_test@37654521] output={null}]]]>
              </value>
            </param>
          </params>
          <reporter-output>
          </reporter-output>
        </test-method> <!-- getresultanalysis -->
        <test-method signature="enterusername()[pri:1, instance:tests.Sailclear_weapon_test@37654521]" started-at="2021-12-30T19:28:37 IST" name="enterusername" finished-at="2021-12-30T19:28:38 IST" duration-ms="243" status="PASS">
          <reporter-output>
          </reporter-output>
        </test-method> <!-- enterusername -->
        <test-method is-config="true" signature="getresultanalysis(org.testng.ITestResult)[pri:0, instance:tests.Sailclear_weapon_test@37654521]" started-at="2021-12-30T19:28:38 IST" name="getresultanalysis" finished-at="2021-12-30T19:28:38 IST" duration-ms="232" status="PASS">
          <params>
            <param index="0">
              <value>
                <![CDATA[[TestResult name=enterusername status=SUCCESS method=Sailclear_weapon_test.enterusername()[pri:1, instance:tests.Sailclear_weapon_test@37654521] output={null}]]]>
              </value>
            </param>
          </params>
          <reporter-output>
          </reporter-output>
        </test-method> <!-- getresultanalysis -->
        <test-method signature="enterpassword()[pri:2, instance:tests.Sailclear_weapon_test@37654521]" started-at="2021-12-30T19:28:38 IST" name="enterpassword" finished-at="2021-12-30T19:28:38 IST" duration-ms="189" status="PASS">
          <reporter-output>
          </reporter-output>
        </test-method> <!-- enterpassword -->
        <test-method is-config="true" signature="getresultanalysis(org.testng.ITestResult)[pri:0, instance:tests.Sailclear_weapon_test@37654521]" started-at="2021-12-30T19:28:38 IST" name="getresultanalysis" finished-at="2021-12-30T19:28:38 IST" duration-ms="219" status="PASS">
          <params>
            <param index="0">
              <value>
                <![CDATA[[TestResult name=enterpassword status=SUCCESS method=Sailclear_weapon_test.enterpassword()[pri:2, instance:tests.Sailclear_weapon_test@37654521] output={null}]]]>
              </value>
            </param>
          </params>
          <reporter-output>
          </reporter-output>
        </test-method> <!-- getresultanalysis -->
        <test-method signature="clickonsubmit()[pri:3, instance:tests.Sailclear_weapon_test@37654521]" started-at="2021-12-30T19:28:38 IST" name="clickonsubmit" finished-at="2021-12-30T19:28:38 IST" duration-ms="128" status="PASS">
          <reporter-output>
          </reporter-output>
        </test-method> <!-- clickonsubmit -->
        <test-method is-config="true" signature="getresultanalysis(org.testng.ITestResult)[pri:0, instance:tests.Sailclear_weapon_test@37654521]" started-at="2021-12-30T19:28:38 IST" name="getresultanalysis" finished-at="2021-12-30T19:28:39 IST" duration-ms="249" status="PASS">
          <params>
            <param index="0">
              <value>
                <![CDATA[[TestResult name=clickonsubmit status=SUCCESS method=Sailclear_weapon_test.clickonsubmit()[pri:3, instance:tests.Sailclear_weapon_test@37654521] output={null}]]]>
              </value>
            </param>
          </params>
          <reporter-output>
          </reporter-output>
        </test-method> <!-- getresultanalysis -->
        <test-method signature="clickonweaponlist()[pri:4, instance:tests.Sailclear_weapon_test@37654521]" started-at="2021-12-30T19:28:39 IST" name="clickonweaponlist" finished-at="2021-12-30T19:28:53 IST" duration-ms="14324" status="PASS">
          <reporter-output>
          </reporter-output>
        </test-method> <!-- clickonweaponlist -->
        <test-method is-config="true" signature="getresultanalysis(org.testng.ITestResult)[pri:0, instance:tests.Sailclear_weapon_test@37654521]" started-at="2021-12-30T19:28:53 IST" name="getresultanalysis" finished-at="2021-12-30T19:28:53 IST" duration-ms="280" status="PASS">
          <params>
            <param index="0">
              <value>
                <![CDATA[[TestResult name=clickonweaponlist status=SUCCESS method=Sailclear_weapon_test.clickonweaponlist()[pri:4, instance:tests.Sailclear_weapon_test@37654521] output={null}]]]>
              </value>
            </param>
          </params>
          <reporter-output>
          </reporter-output>
        </test-method> <!-- getresultanalysis -->
        <test-method signature="clickonaddnewweapon()[pri:5, instance:tests.Sailclear_weapon_test@37654521]" started-at="2021-12-30T19:28:53 IST" name="clickonaddnewweapon" finished-at="2021-12-30T19:28:54 IST" duration-ms="1150" status="PASS">
          <reporter-output>
          </reporter-output>
        </test-method> <!-- clickonaddnewweapon -->
        <test-method is-config="true" signature="getresultanalysis(org.testng.ITestResult)[pri:0, instance:tests.Sailclear_weapon_test@37654521]" started-at="2021-12-30T19:28:54 IST" name="getresultanalysis" finished-at="2021-12-30T19:28:55 IST" duration-ms="385" status="PASS">
          <params>
            <param index="0">
              <value>
                <![CDATA[[TestResult name=clickonaddnewweapon status=SUCCESS method=Sailclear_weapon_test.clickonaddnewweapon()[pri:5, instance:tests.Sailclear_weapon_test@37654521] output={null}]]]>
              </value>
            </param>
          </params>
          <reporter-output>
          </reporter-output>
        </test-method> <!-- getresultanalysis -->
        <test-method signature="enterweaponinfo()[pri:6, instance:tests.Sailclear_weapon_test@37654521]" started-at="2021-12-30T19:28:55 IST" name="enterweaponinfo" finished-at="2021-12-30T19:28:55 IST" duration-ms="55" status="FAIL">
          <exception class="org.openqa.selenium.support.ui.UnexpectedTagNameException">
            <message>
              <![CDATA[Element should have been "select" but was "div"
Build info: version: '3.141.59', revision: 'e82be7d358', time: '2018-11-14T08:25:48'
System info: host: 'DESKTOP-4MNU657', ip: '192.168.1.20', os.name: 'Windows 10', os.arch: 'amd64', os.version: '10.0', java.version: '16.0.2'
Driver info: driver.version: unknown]]>
            </message>
            <full-stacktrace>
              <![CDATA[org.openqa.selenium.support.ui.UnexpectedTagNameException: Element should have been "select" but was "div"
Build info: version: '3.141.59', revision: 'e82be7d358', time: '2018-11-14T08:25:48'
System info: host: 'DESKTOP-4MNU657', ip: '192.168.1.20', os.name: 'Windows 10', os.arch: 'amd64', os.version: '10.0', java.version: '16.0.2'
Driver info: driver.version: unknown
at org.openqa.selenium.support.ui.Select.<init>(Select.java:48)
at applicationUtitlity.Applicationutility.dropdown(Applicationutility.java:30)
at pages.Sailclear_weapon_page.enterweaponinfo(Sailclear_weapon_page.java:97)
at tests.Sailclear_weapon_test.enterweaponinfo(Sailclear_weapon_test.java:53)
at java.base/jdk.internal.reflect.NativeMethodAccessorImpl.invoke0(Native Method)
at java.base/jdk.internal.reflect.NativeMethodAccessorImpl.invoke(NativeMethodAccessorImpl.java:78)
at java.base/jdk.internal.reflect.DelegatingMethodAccessorImpl.invoke(DelegatingMethodAccessorImpl.java:43)
at java.base/java.lang.reflect.Method.invoke(Method.java:567)
at org.testng.internal.MethodInvocationHelper.invokeMethod(MethodInvocationHelper.java:133)
at org.testng.internal.TestInvoker.invokeMethod(TestInvoker.java:598)
at org.testng.internal.TestInvoker.invokeTestMethod(TestInvoker.java:173)
at org.testng.internal.MethodRunner.runInSequence(MethodRunner.java:46)
at org.testng.internal.TestInvoker$MethodInvocationAgent.invoke(TestInvoker.java:824)
at org.testng.internal.TestInvoker.invokeTestMethods(TestInvoker.java:146)
at org.testng.internal.TestMethodWorker.invokeTestMethods(TestMethodWorker.java:146)
at org.testng.internal.TestMethodWorker.run(TestMethodWorker.java:128)
at java.base/java.util.ArrayList.forEach(ArrayList.java:1511)
at org.testng.TestRunner.privateRun(TestRunner.java:794)
at org.testng.TestRunner.run(TestRunner.java:596)
at org.testng.SuiteRunner.runTest(SuiteRunner.java:377)
at org.testng.SuiteRunner.runSequentially(SuiteRunner.java:371)
at org.testng.SuiteRunner.privateRun(SuiteRunner.java:332)
at org.testng.SuiteRunner.run(SuiteRunner.java:276)
at org.testng.SuiteRunnerWorker.runSuite(SuiteRunnerWorker.java:53)
at org.testng.SuiteRunnerWorker.run(SuiteRunnerWorker.java:96)
at org.testng.TestNG.runSuitesSequentially(TestNG.java:1212)
at org.testng.TestNG.runSuitesLocally(TestNG.java:1134)
at org.testng.TestNG.runSuites(TestNG.java:1063)
at org.testng.TestNG.run(TestNG.java:1031)
at org.testng.remote.AbstractRemoteTestNG.run(AbstractRemoteTestNG.java:115)
at org.testng.remote.RemoteTestNG.initAndRun(RemoteTestNG.java:251)
at org.testng.remote.RemoteTestNG.main(RemoteTestNG.java:77)
]]>
            </full-stacktrace>
          </exception> <!-- org.openqa.selenium.support.ui.UnexpectedTagNameException -->
          <reporter-output>
          </reporter-output>
        </test-method> <!-- enterweaponinfo -->
        <test-method is-config="true" signature="getresultanalysis(org.testng.ITestResult)[pri:0, instance:tests.Sailclear_weapon_test@37654521]" started-at="2021-12-30T19:28:55 IST" name="getresultanalysis" finished-at="2021-12-30T19:28:55 IST" duration-ms="223" status="PASS">
          <params>
            <param index="0">
              <value>
                <![CDATA[[TestResult name=enterweaponinfo status=FAILURE method=Sailclear_weapon_test.enterweaponinfo()[pri:6, instance:tests.Sailclear_weapon_test@37654521] output={null}]]]>
              </value>
            </param>
          </params>
          <reporter-output>
          </reporter-output>
        </test-method> <!-- getresultanalysis -->
        <test-method is-config="true" signature="Teardown()[pri:0, instance:tests.Sailclear_weapon_test@37654521]" started-at="2021-12-30T19:28:55 IST" name="Teardown" finished-at="2021-12-30T19:28:55 IST" duration-ms="0" status="PASS">
          <reporter-output>
          </reporter-output>
        </test-method> <!-- Teardown -->
      </class> <!-- tests.Sailclear_weapon_test -->
    </test> <!-- weapon -->
  </suite> <!-- Suite -->
</testng-results>
