<?xml version="1.0" encoding="UTF-8"?>
<!-- Generated by org.testng.reporters.JUnitXMLReporter -->
<testsuite ignored="0" hostname="DESKTOP-4MNU657" failures="0" tests="3" name="Default test" time="10.252" errors="0" timestamp="2021-12-27T16:45:55 IST">
  <testcase classname="test.Testingbaba_links_test" name="clickonelements" time="0.109"/>
  <testcase classname="test.Testingbaba_links_test" name="clickonlink" time="0.559"/>
  <testcase classname="test.Testingbaba_links_test" name="clickondemo" time="0.278"/>
</testsuite> <!-- Default test -->
